<?xml version="1.0" encoding="UTF-8"?><testsuite errors="1" failures="0" name="Registro en Utest" skipped="0" tests="1" time="28.2" timestamp="2022-07-07 05:31:04"><testcase name="Ingresar a la página y crear  usuario"><error message="Arity mismatch: Step Definition 'stepdefinitions.RetoStepDefinition.seCreaUnNuevoUsuario(String) in file:/C:/Users/cmanco/IdeaProjects/RetoTecnico/build/classes/java/test/' with pattern [^se crea un nuevo usuario$] is declared with 1 parameters. However, the gherkin step has 0 arguments []. &#10;Step text: se crea un nuevo usuario" type="cucumber.runtime.CucumberException">Arity mismatch: Step Definition 'stepdefinitions.RetoStepDefinition.seCreaUnNuevoUsuario(String) in file:/C:/Users/cmanco/IdeaProjects/RetoTecnico/build/classes/java/test/' with pattern [^se crea un nuevo usuario$] is declared with 1 parameters. However, the gherkin step has 0 arguments []. 
Step text: se crea un nuevo usuario</error><system-err>Arity mismatch: Step Definition 'stepdefinitions.RetoStepDefinition.seCreaUnNuevoUsuario(String) in file:/C:/Users/cmanco/IdeaProjects/RetoTecnico/build/classes/java/test/' with pattern [^se crea un nuevo usuario$] is declared with 1 parameters. However, the gherkin step has 0 arguments []. 
Step text: se crea un nuevo usuario&#13;
cucumber.runner.Runner.runPickle(Runner.java:80)&#13;
</system-err></testcase></testsuite>